*** Starting uWSGI 2.0.17 (64bit) on [Sat May  5 17:22:37 2018] ***
compiled with version: 4.8.4 on 05 May 2018 09:18:37
os: Linux-4.4.0-31-generic #50~14.04.1-Ubuntu SMP Wed Jul 13 01:07:32 UTC 2016
nodename: ubuntu
machine: x86_64
clock source: unix
pcre jit disabled
detected number of CPU cores: 1
current working directory: /home/wfq/ops
detected binary path: /home/wfq/python27/bin/uwsgi
chdir() to /home/wfq/ops/ops
*** WARNING: you are running uWSGI without its master process manager ***
your processes number limit is 3810
your memory page size is 4096 bytes
detected max file descriptor number: 1024
lock engine: pthread robust mutexes
thunder lock: disabled (you can enable it with --thunder-lock)
probably another instance of uWSGI is running on the same address (:8000).
bind(): Address already in use [core/socket.c line 769]
*** Starting uWSGI 2.0.17 (64bit) on [Sat May  5 17:26:48 2018] ***
compiled with version: 4.8.4 on 05 May 2018 09:18:37
os: Linux-4.4.0-31-generic #50~14.04.1-Ubuntu SMP Wed Jul 13 01:07:32 UTC 2016
nodename: ubuntu
machine: x86_64
clock source: unix
pcre jit disabled
detected number of CPU cores: 1
current working directory: /home/wfq/ops
detected binary path: /home/wfq/python27/bin/uwsgi
chdir() to /home/wfq/ops/ops
*** WARNING: you are running uWSGI without its master process manager ***
your processes number limit is 3810
your memory page size is 4096 bytes
detected max file descriptor number: 1024
lock engine: pthread robust mutexes
thunder lock: disabled (you can enable it with --thunder-lock)
probably another instance of uWSGI is running on the same address (:8000).
bind(): Address already in use [core/socket.c line 769]
*** Starting uWSGI 2.0.17 (64bit) on [Sat May  5 18:00:57 2018] ***
compiled with version: 4.8.4 on 05 May 2018 09:18:37
os: Linux-4.4.0-31-generic #50~14.04.1-Ubuntu SMP Wed Jul 13 01:07:32 UTC 2016
nodename: ubuntu
machine: x86_64
clock source: unix
pcre jit disabled
detected number of CPU cores: 1
current working directory: /home/wfq/ops
detected binary path: /home/wfq/python27/bin/uwsgi
chdir() to /home/wfq/ops/ops
*** WARNING: you are running uWSGI without its master process manager ***
your processes number limit is 3810
your memory page size is 4096 bytes
detected max file descriptor number: 1024
lock engine: pthread robust mutexes
thunder lock: disabled (you can enable it with --thunder-lock)
uwsgi socket 0 bound to TCP address :8888 fd 3
Python version: 2.7.9 (default, Apr 13 2018, 19:19:14)  [GCC 4.8.4]
*** Python threads support is disabled. You can enable it with --enable-threads ***
Python main interpreter initialized at 0x1a53110
your server socket listen backlog is limited to 100 connections
your mercy for graceful operations on workers is 60 seconds
mapped 145840 bytes (142 KB) for 2 cores
*** Operational MODE: preforking ***
added /home/wfq/python27/bin/python to pythonpath.
ImportError: No module named django_wsgi
unable to load app 0 (mountpoint='') (callable not found or import error)
*** no app loaded. going in full dynamic mode ***
*** uWSGI is running in multiple interpreter mode ***
spawned uWSGI worker 1 (pid: 30076, cores: 1)
spawned uWSGI worker 2 (pid: 30077, cores: 1)
*** Starting uWSGI 2.0.17 (64bit) on [Sat May  5 18:43:38 2018] ***
compiled with version: 4.8.4 on 05 May 2018 09:18:37
os: Linux-4.4.0-31-generic #50~14.04.1-Ubuntu SMP Wed Jul 13 01:07:32 UTC 2016
nodename: ubuntu
machine: x86_64
clock source: unix
pcre jit disabled
detected number of CPU cores: 1
current working directory: /home/wfq/ops
detected binary path: /home/wfq/python27/bin/uwsgi
chdir() to /home/wfq/ops/ops
*** WARNING: you are running uWSGI without its master process manager ***
your processes number limit is 3810
your memory page size is 4096 bytes
detected max file descriptor number: 1024
lock engine: pthread robust mutexes
thunder lock: disabled (you can enable it with --thunder-lock)
uwsgi socket 0 bound to TCP address :8888 fd 3
Python version: 2.7.9 (default, Apr 13 2018, 19:19:14)  [GCC 4.8.4]
*** Python threads support is disabled. You can enable it with --enable-threads ***
Python main interpreter initialized at 0x1948110
your server socket listen backlog is limited to 100 connections
your mercy for graceful operations on workers is 60 seconds
mapped 145840 bytes (142 KB) for 2 cores
*** Operational MODE: preforking ***
added /home/wfq/python27/bin/python to pythonpath.
ImportError: No module named django_wsgi
unable to load app 0 (mountpoint='') (callable not found or import error)
*** no app loaded. going in full dynamic mode ***
*** uWSGI is running in multiple interpreter mode ***
spawned uWSGI worker 1 (pid: 30336, cores: 1)
spawned uWSGI worker 2 (pid: 30337, cores: 1)
invalid request block size: 21573 (max 4096)...skip
--- no python application found, check your startup logs for errors ---
[pid: 30336|app: -1|req: -1/1] 192.168.174.1 () {40 vars in 679 bytes} [Sat May  5 18:44:19 2018] GET / => generated 21 bytes in 0 msecs (HTTP/1.1 500) 2 headers in 83 bytes (0 switches on core 0)
--- no python application found, check your startup logs for errors ---
[pid: 30336|app: -1|req: -1/2] 192.168.174.1 () {42 vars in 710 bytes} [Sat May  5 18:44:54 2018] GET / => generated 21 bytes in 0 msecs (HTTP/1.1 500) 2 headers in 83 bytes (0 switches on core 0)
--- no python application found, check your startup logs for errors ---
[pid: 30336|app: -1|req: -1/3] 192.168.174.1 () {40 vars in 697 bytes} [Sat May  5 18:45:01 2018] GET /vba/test/ => generated 21 bytes in 0 msecs (HTTP/1.1 500) 2 headers in 83 bytes (0 switches on core 0)
invalid request block size: 21573 (max 4096)...skip
invalid request block size: 21573 (max 4096)...skip
invalid request block size: 21573 (max 4096)...skip
invalid request block size: 21573 (max 4096)...skip
invalid request block size: 21573 (max 4096)...skip
invalid request block size: 21573 (max 4096)...skip
invalid request block size: 21573 (max 4096)...skip
invalid request block size: 21573 (max 4096)...skip
--- no python application found, check your startup logs for errors ---
[pid: 30336|app: -1|req: -1/4] 192.168.174.1 () {40 vars in 697 bytes} [Sat May  5 18:45:44 2018] GET /vba/test/ => generated 21 bytes in 0 msecs (HTTP/1.1 500) 2 headers in 83 bytes (0 switches on core 0)
--- no python application found, check your startup logs for errors ---
[pid: 30337|app: -1|req: -1/5] 192.168.174.1 () {42 vars in 734 bytes} [Sat May  5 18:48:25 2018] GET /vba/test/ => generated 21 bytes in 0 msecs (HTTP/1.1 500) 2 headers in 83 bytes (0 switches on core 0)
--- no python application found, check your startup logs for errors ---
[pid: 30336|app: -1|req: -1/6] 192.168.174.1 () {42 vars in 734 bytes} [Sat May  5 18:48:26 2018] GET /vba/test/ => generated 21 bytes in 0 msecs (HTTP/1.1 500) 2 headers in 83 bytes (0 switches on core 0)
--- no python application found, check your startup logs for errors ---
[pid: 30337|app: -1|req: -1/7] 192.168.174.1 () {42 vars in 734 bytes} [Sat May  5 18:48:26 2018] GET /vba/test/ => generated 21 bytes in 0 msecs (HTTP/1.1 500) 2 headers in 83 bytes (0 switches on core 0)
--- no python application found, check your startup logs for errors ---
[pid: 30337|app: -1|req: -1/8] 192.168.174.1 () {42 vars in 734 bytes} [Sat May  5 18:48:26 2018] GET /vba/test/ => generated 21 bytes in 0 msecs (HTTP/1.1 500) 2 headers in 83 bytes (0 switches on core 0)
--- no python application found, check your startup logs for errors ---
[pid: 30337|app: -1|req: -1/9] 192.168.174.1 () {42 vars in 734 bytes} [Sat May  5 18:48:27 2018] GET /vba/test/ => generated 21 bytes in 0 msecs (HTTP/1.1 500) 2 headers in 83 bytes (0 switches on core 0)
--- no python application found, check your startup logs for errors ---
[pid: 30337|app: -1|req: -1/10] 192.168.174.1 () {40 vars in 703 bytes} [Sat May  5 18:51:19 2018] GET /asb/test/ => generated 21 bytes in 0 msecs (HTTP/1.1 500) 2 headers in 83 bytes (0 switches on core 0)
--- no python application found, check your startup logs for errors ---
[pid: 30336|app: -1|req: -1/11] 192.168.174.1 () {42 vars in 734 bytes} [Sat May  5 18:51:32 2018] GET /asb/test/ => generated 21 bytes in 0 msecs (HTTP/1.1 500) 2 headers in 83 bytes (0 switches on core 0)
--- no python application found, check your startup logs for errors ---
[pid: 30337|app: -1|req: -1/12] 192.168.174.1 () {42 vars in 734 bytes} [Sat May  5 18:52:30 2018] GET /asb/test/ => generated 21 bytes in 0 msecs (HTTP/1.1 500) 2 headers in 83 bytes (0 switches on core 0)
--- no python application found, check your startup logs for errors ---
[pid: 30336|app: -1|req: -1/13] 192.168.174.1 () {42 vars in 734 bytes} [Sat May  5 18:52:31 2018] GET /asb/test/ => generated 21 bytes in 0 msecs (HTTP/1.1 500) 2 headers in 83 bytes (0 switches on core 0)
--- no python application found, check your startup logs for errors ---
[pid: 30336|app: -1|req: -1/14] 192.168.174.1 () {42 vars in 734 bytes} [Sat May  5 18:52:31 2018] GET /asb/test/ => generated 21 bytes in 0 msecs (HTTP/1.1 500) 2 headers in 83 bytes (0 switches on core 0)
--- no python application found, check your startup logs for errors ---
[pid: 30337|app: -1|req: -1/15] 192.168.174.1 () {42 vars in 734 bytes} [Sat May  5 18:52:31 2018] GET /asb/test/ => generated 21 bytes in 0 msecs (HTTP/1.1 500) 2 headers in 83 bytes (0 switches on core 0)
--- no python application found, check your startup logs for errors ---
[pid: 30336|app: -1|req: -1/16] 192.168.174.1 () {42 vars in 734 bytes} [Sat May  5 18:52:31 2018] GET /asb/test/ => generated 21 bytes in 0 msecs (HTTP/1.1 500) 2 headers in 83 bytes (0 switches on core 0)
--- no python application found, check your startup logs for errors ---
[pid: 30337|app: -1|req: -1/17] 192.168.174.1 () {42 vars in 734 bytes} [Sat May  5 18:52:32 2018] GET /asb/test/ => generated 21 bytes in 0 msecs (HTTP/1.1 500) 2 headers in 83 bytes (0 switches on core 0)
--- no python application found, check your startup logs for errors ---
[pid: 30337|app: -1|req: -1/18] 192.168.174.1 () {42 vars in 734 bytes} [Sat May  5 18:52:32 2018] GET /asb/test/ => generated 21 bytes in 0 msecs (HTTP/1.1 500) 2 headers in 83 bytes (0 switches on core 0)
--- no python application found, check your startup logs for errors ---
[pid: 30336|app: -1|req: -1/19] 192.168.174.1 () {42 vars in 734 bytes} [Sat May  5 18:52:32 2018] GET /asb/test/ => generated 21 bytes in 0 msecs (HTTP/1.1 500) 2 headers in 83 bytes (0 switches on core 0)
--- no python application found, check your startup logs for errors ---
[pid: 30337|app: -1|req: -1/20] 192.168.174.1 () {42 vars in 734 bytes} [Sat May  5 18:52:32 2018] GET /asb/test/ => generated 21 bytes in 0 msecs (HTTP/1.1 500) 2 headers in 83 bytes (0 switches on core 0)
--- no python application found, check your startup logs for errors ---
[pid: 30336|app: -1|req: -1/21] 192.168.174.1 () {42 vars in 734 bytes} [Sat May  5 18:52:32 2018] GET /asb/test/ => generated 21 bytes in 0 msecs (HTTP/1.1 500) 2 headers in 83 bytes (0 switches on core 0)
--- no python application found, check your startup logs for errors ---
[pid: 30337|app: -1|req: -1/22] 192.168.174.1 () {42 vars in 734 bytes} [Sat May  5 18:52:32 2018] GET /asb/test/ => generated 21 bytes in 0 msecs (HTTP/1.1 500) 2 headers in 83 bytes (0 switches on core 0)
--- no python application found, check your startup logs for errors ---
[pid: 30336|app: -1|req: -1/23] 192.168.174.1 () {42 vars in 734 bytes} [Sat May  5 18:52:33 2018] GET /asb/test/ => generated 21 bytes in 0 msecs (HTTP/1.1 500) 2 headers in 83 bytes (0 switches on core 0)
--- no python application found, check your startup logs for errors ---
[pid: 30337|app: -1|req: -1/24] 192.168.174.1 () {42 vars in 734 bytes} [Sat May  5 18:54:05 2018] GET /asb/test/ => generated 21 bytes in 0 msecs (HTTP/1.1 500) 2 headers in 83 bytes (0 switches on core 0)
invalid request block size: 21573 (max 4096)...skip
invalid request block size: 21573 (max 4096)...skip
invalid request block size: 21573 (max 4096)...skip
invalid request block size: 21573 (max 4096)...skip
invalid request block size: 21573 (max 4096)...skip
invalid request block size: 21573 (max 4096)...skip
invalid request block size: 21573 (max 4096)...skip
invalid request block size: 21573 (max 4096)...skip
invalid request block size: 21573 (max 4096)...skip
invalid request block size: 21573 (max 4096)...skip
invalid request block size: 21573 (max 4096)...skip
invalid request block size: 21573 (max 4096)...skip
invalid request block size: 21573 (max 4096)...skip
*** Starting uWSGI 2.0.17 (64bit) on [Sat May  5 19:00:07 2018] ***
compiled with version: 4.8.4 on 05 May 2018 09:18:37
os: Linux-4.4.0-31-generic #50~14.04.1-Ubuntu SMP Wed Jul 13 01:07:32 UTC 2016
nodename: ubuntu
machine: x86_64
clock source: unix
pcre jit disabled
detected number of CPU cores: 1
current working directory: /home/wfq
detected binary path: /home/wfq/python27/bin/uwsgi
uWSGI running as root, you can use --uid/--gid/--chroot options
*** WARNING: you are running uWSGI as root !!! (use the --uid flag) *** 
chdir() to /home/wfq/ops/ops
*** WARNING: you are running uWSGI without its master process manager ***
your processes number limit is 3810
your memory page size is 4096 bytes
detected max file descriptor number: 1024
lock engine: pthread robust mutexes
thunder lock: disabled (you can enable it with --thunder-lock)
uwsgi socket 0 bound to TCP address :8888 fd 3
uWSGI running as root, you can use --uid/--gid/--chroot options
*** WARNING: you are running uWSGI as root !!! (use the --uid flag) *** 
Python version: 2.7.9 (default, Apr 13 2018, 19:19:14)  [GCC 4.8.4]
*** Python threads support is disabled. You can enable it with --enable-threads ***
Python main interpreter initialized at 0xa50fb0
uWSGI running as root, you can use --uid/--gid/--chroot options
*** WARNING: you are running uWSGI as root !!! (use the --uid flag) *** 
your server socket listen backlog is limited to 100 connections
your mercy for graceful operations on workers is 60 seconds
mapped 145840 bytes (142 KB) for 2 cores
*** Operational MODE: preforking ***
added /home/wfq/python27/bin/python to pythonpath.
ImportError: No module named django_wsgi
unable to load app 0 (mountpoint='') (callable not found or import error)
*** no app loaded. going in full dynamic mode ***
uWSGI running as root, you can use --uid/--gid/--chroot options
*** WARNING: you are running uWSGI as root !!! (use the --uid flag) *** 
*** uWSGI is running in multiple interpreter mode ***
spawned uWSGI worker 1 (pid: 30600, cores: 1)
spawned uWSGI worker 2 (pid: 30601, cores: 1)
invalid request block size: 21573 (max 4096)...skip
invalid request block size: 21573 (max 4096)...skip
invalid request block size: 21573 (max 4096)...skip
*** Starting uWSGI 2.0.17 (64bit) on [Sat May  5 19:21:10 2018] ***
compiled with version: 4.8.4 on 05 May 2018 09:18:37
os: Linux-4.4.0-31-generic #50~14.04.1-Ubuntu SMP Wed Jul 13 01:07:32 UTC 2016
nodename: ubuntu
machine: x86_64
clock source: unix
pcre jit disabled
detected number of CPU cores: 1
current working directory: /home/wfq/ops
detected binary path: /home/wfq/python27/bin/uwsgi
uWSGI running as root, you can use --uid/--gid/--chroot options
*** WARNING: you are running uWSGI as root !!! (use the --uid flag) *** 
chdir() to /home/wfq/ops/ops
*** WARNING: you are running uWSGI without its master process manager ***
your processes number limit is 3810
your memory page size is 4096 bytes
detected max file descriptor number: 1024
lock engine: pthread robust mutexes
thunder lock: disabled (you can enable it with --thunder-lock)
probably another instance of uWSGI is running on the same address (:8888).
bind(): Address already in use [core/socket.c line 769]
*** Starting uWSGI 2.0.17 (64bit) on [Sat May  5 19:25:26 2018] ***
compiled with version: 4.8.4 on 05 May 2018 09:18:37
os: Linux-4.4.0-31-generic #50~14.04.1-Ubuntu SMP Wed Jul 13 01:07:32 UTC 2016
nodename: ubuntu
machine: x86_64
clock source: unix
pcre jit disabled
detected number of CPU cores: 1
current working directory: /home/wfq/ops
detected binary path: /home/wfq/python27/bin/uwsgi
uWSGI running as root, you can use --uid/--gid/--chroot options
*** WARNING: you are running uWSGI as root !!! (use the --uid flag) *** 
chdir() to /home/wfq/ops/ops
*** WARNING: you are running uWSGI without its master process manager ***
your processes number limit is 3810
your memory page size is 4096 bytes
detected max file descriptor number: 1024
lock engine: pthread robust mutexes
thunder lock: disabled (you can enable it with --thunder-lock)
uwsgi socket 0 bound to TCP address :8888 fd 3
uWSGI running as root, you can use --uid/--gid/--chroot options
*** WARNING: you are running uWSGI as root !!! (use the --uid flag) *** 
Python version: 2.7.9 (default, Apr 13 2018, 19:19:14)  [GCC 4.8.4]
*** Python threads support is disabled. You can enable it with --enable-threads ***
Python main interpreter initialized at 0x2871fb0
uWSGI running as root, you can use --uid/--gid/--chroot options
*** WARNING: you are running uWSGI as root !!! (use the --uid flag) *** 
your server socket listen backlog is limited to 100 connections
your mercy for graceful operations on workers is 60 seconds
mapped 145840 bytes (142 KB) for 2 cores
*** Operational MODE: preforking ***
added /home/wfq/python27/bin/python to pythonpath.
ImportError: No module named django_wsgi
unable to load app 0 (mountpoint='') (callable not found or import error)
*** no app loaded. going in full dynamic mode ***
uWSGI running as root, you can use --uid/--gid/--chroot options
*** WARNING: you are running uWSGI as root !!! (use the --uid flag) *** 
*** uWSGI is running in multiple interpreter mode ***
spawned uWSGI worker 1 (pid: 30819, cores: 1)
spawned uWSGI worker 2 (pid: 30820, cores: 1)
*** Starting uWSGI 2.0.17 (64bit) on [Sat May  5 19:31:05 2018] ***
compiled with version: 4.8.4 on 05 May 2018 09:18:37
os: Linux-4.4.0-31-generic #50~14.04.1-Ubuntu SMP Wed Jul 13 01:07:32 UTC 2016
nodename: ubuntu
machine: x86_64
clock source: unix
pcre jit disabled
detected number of CPU cores: 1
current working directory: /home/wfq/ops
detected binary path: /home/wfq/python27/bin/uwsgi
uWSGI running as root, you can use --uid/--gid/--chroot options
*** WARNING: you are running uWSGI as root !!! (use the --uid flag) *** 
chdir() to /home/wfq//ops
*** WARNING: you are running uWSGI without its master process manager ***
your processes number limit is 3810
your memory page size is 4096 bytes
detected max file descriptor number: 1024
lock engine: pthread robust mutexes
thunder lock: disabled (you can enable it with --thunder-lock)
uwsgi socket 0 bound to TCP address :8888 fd 3
uWSGI running as root, you can use --uid/--gid/--chroot options
*** WARNING: you are running uWSGI as root !!! (use the --uid flag) *** 
Python version: 2.7.9 (default, Apr 13 2018, 19:19:14)  [GCC 4.8.4]
*** Python threads support is disabled. You can enable it with --enable-threads ***
Python main interpreter initialized at 0x1f83fb0
uWSGI running as root, you can use --uid/--gid/--chroot options
*** WARNING: you are running uWSGI as root !!! (use the --uid flag) *** 
your server socket listen backlog is limited to 100 connections
your mercy for graceful operations on workers is 60 seconds
mapped 145840 bytes (142 KB) for 2 cores
*** Operational MODE: preforking ***
added /home/wfq/python27/bin/python to pythonpath.
WSGI app 0 (mountpoint='') ready in 1 seconds on interpreter 0x1f83fb0 pid: 30911 (default app)
uWSGI running as root, you can use --uid/--gid/--chroot options
*** WARNING: you are running uWSGI as root !!! (use the --uid flag) *** 
*** uWSGI is running in multiple interpreter mode ***
spawned uWSGI worker 1 (pid: 30911, cores: 1)
spawned uWSGI worker 2 (pid: 30916, cores: 1)
[pid: 30911|app: 0|req: 1/1] 192.168.174.1 () {42 vars in 734 bytes} [Sat May  5 11:31:22 2018] GET /asb/test/ => generated 4 bytes in 27 msecs (HTTP/1.1 200) 2 headers in 88 bytes (1 switches on core 0)
invalid request block size: 21573 (max 4096)...skip
invalid request block size: 21573 (max 4096)...skip
invalid request block size: 21573 (max 4096)...skip
invalid request block size: 21573 (max 4096)...skip
invalid request block size: 21573 (max 4096)...skip
invalid request block size: 21573 (max 4096)...skip
invalid request block size: 21573 (max 4096)...skip
invalid request block size: 21573 (max 4096)...skip
invalid request block size: 21573 (max 4096)...skip
invalid request block size: 21573 (max 4096)...skip
*** Starting uWSGI 2.0.17 (64bit) on [Sat May  5 19:33:53 2018] ***
compiled with version: 4.8.4 on 05 May 2018 09:18:37
os: Linux-4.4.0-31-generic #50~14.04.1-Ubuntu SMP Wed Jul 13 01:07:32 UTC 2016
nodename: ubuntu
machine: x86_64
clock source: unix
pcre jit disabled
detected number of CPU cores: 1
current working directory: /home/wfq/ops
detected binary path: /home/wfq/python27/bin/uwsgi
uWSGI running as root, you can use --uid/--gid/--chroot options
*** WARNING: you are running uWSGI as root !!! (use the --uid flag) *** 
chdir() to /home/wfq/ops
*** WARNING: you are running uWSGI without its master process manager ***
your processes number limit is 3810
your memory page size is 4096 bytes
detected max file descriptor number: 1024
lock engine: pthread robust mutexes
thunder lock: disabled (you can enable it with --thunder-lock)
uwsgi socket 0 bound to TCP address :8888 fd 3
uWSGI running as root, you can use --uid/--gid/--chroot options
*** WARNING: you are running uWSGI as root !!! (use the --uid flag) *** 
Python version: 2.7.9 (default, Apr 13 2018, 19:19:14)  [GCC 4.8.4]
*** Python threads support is disabled. You can enable it with --enable-threads ***
Python main interpreter initialized at 0x1efbfb0
uWSGI running as root, you can use --uid/--gid/--chroot options
*** WARNING: you are running uWSGI as root !!! (use the --uid flag) *** 
your server socket listen backlog is limited to 100 connections
your mercy for graceful operations on workers is 60 seconds
mapped 145840 bytes (142 KB) for 2 cores
*** Operational MODE: preforking ***
added /home/wfq/python27/bin/python to pythonpath.
WSGI app 0 (mountpoint='') ready in 1 seconds on interpreter 0x1efbfb0 pid: 30973 (default app)
uWSGI running as root, you can use --uid/--gid/--chroot options
*** WARNING: you are running uWSGI as root !!! (use the --uid flag) *** 
*** uWSGI is running in multiple interpreter mode ***
spawned uWSGI worker 1 (pid: 30973, cores: 1)
spawned uWSGI worker 2 (pid: 30978, cores: 1)
invalid request block size: 21573 (max 4096)...skip
invalid request block size: 21573 (max 4096)...skip
[pid: 30973|app: 0|req: 1/1] 192.168.174.1 () {42 vars in 734 bytes} [Sat May  5 11:34:57 2018] GET /asb/test/ => generated 4 bytes in 16 msecs (HTTP/1.1 200) 2 headers in 88 bytes (1 switches on core 0)
[pid: 30978|app: 0|req: 1/2] 192.168.174.1 () {42 vars in 734 bytes} [Sat May  5 11:34:58 2018] GET /asb/test/ => generated 4 bytes in 12 msecs (HTTP/1.1 200) 2 headers in 88 bytes (1 switches on core 0)
[pid: 30973|app: 0|req: 2/3] 192.168.174.1 () {42 vars in 734 bytes} [Sat May  5 11:34:58 2018] GET /asb/test/ => generated 4 bytes in 1 msecs (HTTP/1.1 200) 2 headers in 88 bytes (1 switches on core 0)
invalid request block size: 21573 (max 4096)...skip
invalid request block size: 21573 (max 4096)...skip
invalid request block size: 21573 (max 4096)...skip
invalid request block size: 21573 (max 4096)...skip
*** Starting uWSGI 2.0.17 (64bit) on [Sun May  6 14:07:32 2018] ***
compiled with version: 4.8.4 on 05 May 2018 09:18:37
os: Linux-4.4.0-31-generic #50~14.04.1-Ubuntu SMP Wed Jul 13 01:07:32 UTC 2016
nodename: ubuntu
machine: x86_64
clock source: unix
pcre jit disabled
detected number of CPU cores: 1
current working directory: /home/wfq
detected binary path: /home/wfq/python27/bin/uwsgi
uWSGI running as root, you can use --uid/--gid/--chroot options
*** WARNING: you are running uWSGI as root !!! (use the --uid flag) *** 
chdir() to /home/wfq/ops
*** WARNING: you are running uWSGI without its master process manager ***
your processes number limit is 3810
your memory page size is 4096 bytes
detected max file descriptor number: 1024
lock engine: pthread robust mutexes
thunder lock: disabled (you can enable it with --thunder-lock)
probably another instance of uWSGI is running on the same address (:8888).
bind(): Address already in use [core/socket.c line 769]
*** Starting uWSGI 2.0.17 (64bit) on [Sun May  6 14:09:45 2018] ***
compiled with version: 4.8.4 on 05 May 2018 09:18:37
os: Linux-4.4.0-31-generic #50~14.04.1-Ubuntu SMP Wed Jul 13 01:07:32 UTC 2016
nodename: ubuntu
machine: x86_64
clock source: unix
pcre jit disabled
detected number of CPU cores: 1
current working directory: /home/wfq
detected binary path: /home/wfq/python27/bin/uwsgi
uWSGI running as root, you can use --uid/--gid/--chroot options
*** WARNING: you are running uWSGI as root !!! (use the --uid flag) *** 
chdir() to /home/wfq/ops
*** WARNING: you are running uWSGI without its master process manager ***
your processes number limit is 3810
your memory page size is 4096 bytes
detected max file descriptor number: 1024
lock engine: pthread robust mutexes
thunder lock: disabled (you can enable it with --thunder-lock)
uwsgi socket 0 bound to TCP address :8888 fd 3
uWSGI running as root, you can use --uid/--gid/--chroot options
*** WARNING: you are running uWSGI as root !!! (use the --uid flag) *** 
Python version: 2.7.9 (default, Apr 13 2018, 19:19:14)  [GCC 4.8.4]
*** Python threads support is disabled. You can enable it with --enable-threads ***
Python main interpreter initialized at 0x1d27f50
uWSGI running as root, you can use --uid/--gid/--chroot options
*** WARNING: you are running uWSGI as root !!! (use the --uid flag) *** 
your server socket listen backlog is limited to 100 connections
your mercy for graceful operations on workers is 60 seconds
mapped 145840 bytes (142 KB) for 2 cores
*** Operational MODE: preforking ***
added /home/wfq/python27/bin/python to pythonpath.
WSGI app 0 (mountpoint='') ready in 1 seconds on interpreter 0x1d27f50 pid: 31916 (default app)
uWSGI running as root, you can use --uid/--gid/--chroot options
*** WARNING: you are running uWSGI as root !!! (use the --uid flag) *** 
*** uWSGI is running in multiple interpreter mode ***
spawned uWSGI worker 1 (pid: 31916, cores: 1)
spawned uWSGI worker 2 (pid: 31921, cores: 1)
invalid request block size: 21573 (max 4096)...skip
invalid request block size: 21573 (max 4096)...skip
invalid request block size: 21573 (max 4096)...skip
invalid request block size: 21573 (max 4096)...skip
invalid request block size: 21573 (max 4096)...skip
invalid request block size: 21573 (max 4096)...skip
invalid request block size: 21573 (max 4096)...skip
invalid request block size: 21573 (max 4096)...skip
invalid request block size: 21573 (max 4096)...skip
invalid request block size: 21573 (max 4096)...skip
invalid request block size: 21573 (max 4096)...skip
[pid: 31916|app: 0|req: 1/1] 192.168.174.1 () {42 vars in 734 bytes} [Sun May  6 06:26:28 2018] GET /asb/test/ => generated 4 bytes in 26 msecs (HTTP/1.1 200) 2 headers in 88 bytes (1 switches on core 0)
invalid request block size: 21573 (max 4096)...skip
[pid: 31921|app: 0|req: 1/2] 192.168.174.1 () {42 vars in 734 bytes} [Sun May  6 06:38:30 2018] GET /asb/test/ => generated 4 bytes in 36 msecs (HTTP/1.1 200) 2 headers in 88 bytes (1 switches on core 0)
[pid: 31916|app: 0|req: 2/3] 192.168.174.1 () {42 vars in 734 bytes} [Sun May  6 06:38:31 2018] GET /asb/test/ => generated 4 bytes in 13 msecs (HTTP/1.1 200) 2 headers in 88 bytes (1 switches on core 0)
